C:\Program Files (x86)\Microsoft Visual Studio\2017\Community\Common7\IDE\VC\VCTargets\Microsoft.CppBuild.targets(391,5): warning MSB8028: The intermediate directory (Debug\) contains files shared from another project (Lab 2.vcxproj).  This can lead to incorrect clean and rebuild behavior.
  final_project.cpp
d:\_purdue\spring_2020\cgt521_advanced_real-time_cg\template\final_project\include\libavutil\rational.h : warning C4819: The file contains a character that cannot be represented in the current code page (950). Save the file in Unicode format to prevent data loss
d:\_purdue\spring_2020\cgt521_advanced_real-time_cg\template\final_project\final_project.cpp(73): warning C4305: 'initializing': truncation from 'double' to 'float'
d:\_purdue\spring_2020\cgt521_advanced_real-time_cg\template\final_project\final_project.cpp(74): warning C4305: 'initializing': truncation from 'double' to 'float'
d:\_purdue\spring_2020\cgt521_advanced_real-time_cg\template\final_project\final_project.cpp(104): warning C4305: 'argument': truncation from 'double' to 'float'
d:\_purdue\spring_2020\cgt521_advanced_real-time_cg\template\final_project\final_project.cpp(105): warning C4305: 'argument': truncation from 'double' to 'float'
d:\_purdue\spring_2020\cgt521_advanced_real-time_cg\template\final_project\final_project.cpp(354): warning C4244: '=': conversion from 'int' to 'T', possible loss of data
          with
          [
              T=float
          ]
d:\_purdue\spring_2020\cgt521_advanced_real-time_cg\template\final_project\final_project.cpp(355): warning C4244: '=': conversion from 'int' to 'T', possible loss of data
          with
          [
              T=float
          ]
  GLM: perspective function taking degrees as a parameter is deprecated. #define GLM_FORCE_RADIANS before including GLM headers to remove this message.
  GLM: rotate function taking degrees as a parameter is deprecated. #define GLM_FORCE_RADIANS before including GLM headers to remove this message.
  final_project.vcxproj -> D:\_Purdue\spring_2020\CGT521_Advanced_Real-Time_CG\Template\Debug\final_project.exe
