d:\_purdue\spring_2020\cgt521_advanced_real-time_cg\template\final_project\debug\vc141.pdb
d:\_purdue\spring_2020\cgt521_advanced_real-time_cg\template\final_project\debug\vc141.idb
d:\_purdue\spring_2020\cgt521_advanced_real-time_cg\template\final_project\debug\videomux.obj
d:\_purdue\spring_2020\cgt521_advanced_real-time_cg\template\final_project\debug\loadtexture.obj
d:\_purdue\spring_2020\cgt521_advanced_real-time_cg\template\final_project\debug\loadmesh.obj
d:\_purdue\spring_2020\cgt521_advanced_real-time_cg\template\final_project\debug\initshader.obj
d:\_purdue\spring_2020\cgt521_advanced_real-time_cg\template\final_project\debug\imgui_widgets.obj
d:\_purdue\spring_2020\cgt521_advanced_real-time_cg\template\final_project\debug\imgui_impl_glut.obj
d:\_purdue\spring_2020\cgt521_advanced_real-time_cg\template\final_project\debug\imgui_draw.obj
d:\_purdue\spring_2020\cgt521_advanced_real-time_cg\template\final_project\debug\imgui_demo.obj
d:\_purdue\spring_2020\cgt521_advanced_real-time_cg\template\final_project\debug\imgui.obj
d:\_purdue\spring_2020\cgt521_advanced_real-time_cg\template\final_project\debug\final_project.obj
d:\_purdue\spring_2020\cgt521_advanced_real-time_cg\template\debug\final_project.exe
d:\_purdue\spring_2020\cgt521_advanced_real-time_cg\template\debug\final_project.ilk
d:\_purdue\spring_2020\cgt521_advanced_real-time_cg\template\debug\final_project.pdb
d:\_purdue\spring_2020\cgt521_advanced_real-time_cg\template\final_project\debug\final_project.tlog\cl.command.1.tlog
d:\_purdue\spring_2020\cgt521_advanced_real-time_cg\template\final_project\debug\final_project.tlog\cl.read.1.tlog
d:\_purdue\spring_2020\cgt521_advanced_real-time_cg\template\final_project\debug\final_project.tlog\cl.write.1.tlog
d:\_purdue\spring_2020\cgt521_advanced_real-time_cg\template\final_project\debug\final_project.tlog\link.command.1.tlog
d:\_purdue\spring_2020\cgt521_advanced_real-time_cg\template\final_project\debug\final_project.tlog\link.read.1.tlog
d:\_purdue\spring_2020\cgt521_advanced_real-time_cg\template\final_project\debug\final_project.tlog\link.write.1.tlog
