C:\TEMP\P4 WORKSPACE\KNOY313-P4-WORKSPACE\DEV\VISUAL STUDIO PROJECTS\CGT521\LAB1\DEBUG\INITSHADER.OBJ
C:\TEMP\P4 WORKSPACE\KNOY313-P4-WORKSPACE\DEV\VISUAL STUDIO PROJECTS\CGT521\LAB1\DEBUG\LAB1-2014.OBJ
C:\TEMP\P4 WORKSPACE\KNOY313-P4-WORKSPACE\DEV\VISUAL STUDIO PROJECTS\CGT521\LAB1\DEBUG\LOADMESH.OBJ
C:\TEMP\P4 WORKSPACE\KNOY313-P4-WORKSPACE\DEV\VISUAL STUDIO PROJECTS\CGT521\LAB1\DEBUG\VC110.PDB
C:\TEMP\P4 WORKSPACE\KNOY313-P4-WORKSPACE\DEV\VISUAL STUDIO PROJECTS\CGT521\DEBUG\LAB1.ILK
C:\TEMP\P4 WORKSPACE\KNOY313-P4-WORKSPACE\DEV\VISUAL STUDIO PROJECTS\CGT521\DEBUG\LAB1.EXE
C:\TEMP\P4 WORKSPACE\KNOY313-P4-WORKSPACE\DEV\VISUAL STUDIO PROJECTS\CGT521\DEBUG\LAB1.PDB
C:\Temp\p4 workspace\knoy313-p4-workspace\dev\Visual Studio Projects\CGT521\Lab1\Debug\InitShader.obj
C:\Temp\p4 workspace\knoy313-p4-workspace\dev\Visual Studio Projects\CGT521\Lab1\Debug\Lab1-2014.obj
C:\Temp\p4 workspace\knoy313-p4-workspace\dev\Visual Studio Projects\CGT521\Lab1\Debug\LoadMesh.obj
C:\Temp\p4 workspace\knoy313-p4-workspace\dev\Visual Studio Projects\CGT521\Lab1\Debug\cl.command.1.tlog
C:\Temp\p4 workspace\knoy313-p4-workspace\dev\Visual Studio Projects\CGT521\Lab1\Debug\CL.read.1.tlog
C:\Temp\p4 workspace\knoy313-p4-workspace\dev\Visual Studio Projects\CGT521\Lab1\Debug\CL.write.1.tlog
C:\Temp\p4 workspace\knoy313-p4-workspace\dev\Visual Studio Projects\CGT521\Lab1\Debug\link-cvtres.read.1.tlog
C:\Temp\p4 workspace\knoy313-p4-workspace\dev\Visual Studio Projects\CGT521\Lab1\Debug\link-cvtres.write.1.tlog
C:\Temp\p4 workspace\knoy313-p4-workspace\dev\Visual Studio Projects\CGT521\Lab1\Debug\link-rc.read.1.tlog
C:\Temp\p4 workspace\knoy313-p4-workspace\dev\Visual Studio Projects\CGT521\Lab1\Debug\link-rc.write.1.tlog
C:\Temp\p4 workspace\knoy313-p4-workspace\dev\Visual Studio Projects\CGT521\Lab1\Debug\link.command.1.tlog
C:\Temp\p4 workspace\knoy313-p4-workspace\dev\Visual Studio Projects\CGT521\Lab1\Debug\link.read.1.tlog
C:\Temp\p4 workspace\knoy313-p4-workspace\dev\Visual Studio Projects\CGT521\Lab1\Debug\link.write.1.tlog
C:\Temp\p4 workspace\knoy313-p4-workspace\dev\Visual Studio Projects\CGT521\Lab1\Debug\vc110.idb
C:\Temp\p4 workspace\knoy313-p4-workspace\dev\Visual Studio Projects\CGT521\Lab1\Debug\vc110.pdb
C:\Temp\p4 workspace\knoy313-p4-workspace\dev\Visual Studio Projects\CGT521\Debug\Lab1.pdb
C:\Temp\p4 workspace\knoy313-p4-workspace\dev\Visual Studio Projects\CGT521\Debug\Lab1.exe
C:\Temp\p4 workspace\knoy313-p4-workspace\dev\Visual Studio Projects\CGT521\Debug\Lab1.ilk
