C:\TEMP\P4 WORKSPACE\KNOY313-P4-WORKSPACE\DEV\VISUAL STUDIO PROJECTS\CGT521\LAB2\DEBUG\INITSHADER.OBJ
C:\TEMP\P4 WORKSPACE\KNOY313-P4-WORKSPACE\DEV\VISUAL STUDIO PROJECTS\CGT521\LAB2\DEBUG\LAB2-2014.OBJ
C:\TEMP\P4 WORKSPACE\KNOY313-P4-WORKSPACE\DEV\VISUAL STUDIO PROJECTS\CGT521\LAB2\DEBUG\LOADMESH.OBJ
C:\TEMP\P4 WORKSPACE\KNOY313-P4-WORKSPACE\DEV\VISUAL STUDIO PROJECTS\CGT521\LAB2\DEBUG\LOADTEXTURE.OBJ
C:\TEMP\P4 WORKSPACE\KNOY313-P4-WORKSPACE\DEV\VISUAL STUDIO PROJECTS\CGT521\LAB2\DEBUG\VC110.PDB
C:\TEMP\P4 WORKSPACE\KNOY313-P4-WORKSPACE\DEV\VISUAL STUDIO PROJECTS\CGT521\DEBUG\LAB2.ILK
C:\TEMP\P4 WORKSPACE\KNOY313-P4-WORKSPACE\DEV\VISUAL STUDIO PROJECTS\CGT521\DEBUG\LAB2.EXE
C:\TEMP\P4 WORKSPACE\KNOY313-P4-WORKSPACE\DEV\VISUAL STUDIO PROJECTS\CGT521\DEBUG\LAB2.PDB
C:\Temp\p4 workspace\knoy313-p4-workspace\dev\Visual Studio Projects\CGT521\Lab2\Debug\InitShader.obj
C:\Temp\p4 workspace\knoy313-p4-workspace\dev\Visual Studio Projects\CGT521\Lab2\Debug\Lab2-2014.obj
C:\Temp\p4 workspace\knoy313-p4-workspace\dev\Visual Studio Projects\CGT521\Lab2\Debug\LoadMesh.obj
C:\Temp\p4 workspace\knoy313-p4-workspace\dev\Visual Studio Projects\CGT521\Lab2\Debug\LoadTexture.obj
C:\Temp\p4 workspace\knoy313-p4-workspace\dev\Visual Studio Projects\CGT521\Lab2\Debug\cl.command.1.tlog
C:\Temp\p4 workspace\knoy313-p4-workspace\dev\Visual Studio Projects\CGT521\Lab2\Debug\CL.read.1.tlog
C:\Temp\p4 workspace\knoy313-p4-workspace\dev\Visual Studio Projects\CGT521\Lab2\Debug\CL.write.1.tlog
C:\Temp\p4 workspace\knoy313-p4-workspace\dev\Visual Studio Projects\CGT521\Lab2\Debug\link-cvtres.read.1.tlog
C:\Temp\p4 workspace\knoy313-p4-workspace\dev\Visual Studio Projects\CGT521\Lab2\Debug\link-cvtres.write.1.tlog
C:\Temp\p4 workspace\knoy313-p4-workspace\dev\Visual Studio Projects\CGT521\Lab2\Debug\link-rc.read.1.tlog
C:\Temp\p4 workspace\knoy313-p4-workspace\dev\Visual Studio Projects\CGT521\Lab2\Debug\link-rc.write.1.tlog
C:\Temp\p4 workspace\knoy313-p4-workspace\dev\Visual Studio Projects\CGT521\Lab2\Debug\link.command.1.tlog
C:\Temp\p4 workspace\knoy313-p4-workspace\dev\Visual Studio Projects\CGT521\Lab2\Debug\link.read.1.tlog
C:\Temp\p4 workspace\knoy313-p4-workspace\dev\Visual Studio Projects\CGT521\Lab2\Debug\link.write.1.tlog
C:\Temp\p4 workspace\knoy313-p4-workspace\dev\Visual Studio Projects\CGT521\Lab2\Debug\vc110.idb
C:\Temp\p4 workspace\knoy313-p4-workspace\dev\Visual Studio Projects\CGT521\Lab2\Debug\vc110.pdb
C:\Temp\p4 workspace\knoy313-p4-workspace\dev\Visual Studio Projects\CGT521\Debug\Lab2.pdb
C:\Temp\p4 workspace\knoy313-p4-workspace\dev\Visual Studio Projects\CGT521\Debug\Lab2.exe
C:\Temp\p4 workspace\knoy313-p4-workspace\dev\Visual Studio Projects\CGT521\Debug\Lab2.ilk
